\BOOKMARK [1][-]{section.1}{Q1: Class-conditional gaussians}{}% 1
\BOOKMARK [2][-]{subsection.1.1}{Bayes' rule derivation}{section.1}% 2
\BOOKMARK [2][-]{subsection.1.2}{Negative likelihood function \(NLL\)}{section.1}% 3
\BOOKMARK [2][-]{subsection.1.3}{Partial derivatives}{section.1}% 4
\BOOKMARK [2][-]{subsection.1.4}{Estimation}{section.1}% 5
\BOOKMARK [1][-]{section.2}{Handwritten digit classification}{}% 6
\BOOKMARK [2][-]{subsection.2.1}{K-NN classifier}{section.2}% 7
\BOOKMARK [3][-]{subsubsection.2.1.1}{Accuracy for certain K values}{subsection.2.1}% 8
\BOOKMARK [3][-]{subsubsection.2.1.2}{Ties solution}{subsection.2.1}% 9
\BOOKMARK [3][-]{subsubsection.2.1.3}{Best k}{subsection.2.1}% 10
\BOOKMARK [2][-]{subsection.2.2}{Conditional gaussian classifier training}{section.2}% 11
\BOOKMARK [3][-]{subsubsection.2.2.1}{Diagonal covariance}{subsection.2.2}% 12
\BOOKMARK [3][-]{subsubsection.2.2.2}{Average conditional log-likelihood}{subsection.2.2}% 13
\BOOKMARK [3][-]{subsubsection.2.2.3}{Accuracy}{subsection.2.2}% 14
\BOOKMARK [3][-]{subsubsection.2.2.4}{Leading eigenvectors}{subsection.2.2}% 15
\BOOKMARK [2][-]{subsection.2.3}{Naive bayes classifier training}{section.2}% 16
\BOOKMARK [3][-]{subsubsection.2.3.1}{Convert to binart features}{subsection.2.3}% 17
\BOOKMARK [3][-]{subsubsection.2.3.2}{Model fitting}{subsection.2.3}% 18
\BOOKMARK [3][-]{subsubsection.2.3.3}{Plot }{subsection.2.3}% 19
\BOOKMARK [3][-]{subsubsection.2.3.4}{Sample new data}{subsection.2.3}% 20
\BOOKMARK [3][-]{subsubsection.2.3.5}{Average conditional log-likelihood}{subsection.2.3}% 21
\BOOKMARK [3][-]{subsubsection.2.3.6}{Accuracy}{subsection.2.3}% 22
