\BOOKMARK [1][-]{section.1}{Q1: Leanring basics of regressoion in Python}{}% 1
\BOOKMARK [2][-]{subsection.1.1}{Data loading}{section.1}% 2
\BOOKMARK [2][-]{subsection.1.2}{Data summarization}{section.1}% 3
\BOOKMARK [2][-]{subsection.1.3}{Feature visualization}{section.1}% 4
\BOOKMARK [2][-]{subsection.1.4}{Data division}{section.1}% 5
\BOOKMARK [2][-]{subsection.1.5}{Linear regression}{section.1}% 6
\BOOKMARK [2][-]{subsection.1.6}{Feature weights}{section.1}% 7
\BOOKMARK [2][-]{subsection.1.7}{Model test}{section.1}% 8
\BOOKMARK [2][-]{subsection.1.8}{Feature selection}{section.1}% 9
\BOOKMARK [1][-]{section.2}{Q2: Locally reweighted regression}{}% 10
\BOOKMARK [2][-]{subsection.2.1}{w* solution proof}{section.2}% 11
\BOOKMARK [2][-]{subsection.2.2}{LRLS implementation}{section.2}% 12
\BOOKMARK [2][-]{subsection.2.3}{K-fold corss-validation}{section.2}% 13
\BOOKMARK [1][-]{section.3}{Q3: Mini-batch SGD gradient estimator}{}% 14
\BOOKMARK [2][-]{subsection.3.1}{Mini-batch mean value proof}{section.3}% 15
\BOOKMARK [2][-]{subsection.3.2}{Mini-batch gradient proof}{section.3}% 16
\BOOKMARK [2][-]{subsection.3.3}{Mini-batch expectations}{section.3}% 17
\BOOKMARK [2][-]{subsection.3.4}{Gradient implementation}{section.3}% 18
\BOOKMARK [2][-]{subsection.3.5}{Mini-batch gradient VS true gradient}{section.3}% 19
\BOOKMARK [2][-]{subsection.3.6}{Affect of batch size}{section.3}% 20
